H.sapiens_DNAI4_dynein_axonemal_intermediate_chain_4_isoform_X8	100.000	848	0	0	0.0	1769	H.sapiens_DNAI4_dynein_axonemal_intermediate_chain_4_isoform_X8
F.catus_DNAI4_LOW_QUALITY_PROTEIN_dynein_axonemal_intermediate_ch	81.690	852	146	4	0.0	1366	F.catus_DNAI4_LOW_QUALITY_PROTEIN_dynein_axonemal_intermediate_ch
E.caballus_WDR78_WD_repeatcontaining_protein_78	83.313	809	129	5	0.0	1298	E.caballus_WDR78_WD_repeatcontaining_protein_78
C.mydas_DNAI4_dynein_axonemal_intermediate_chain_4_isoform_X1	57.473	823	292	13	0.0	929	C.mydas_DNAI4_dynein_axonemal_intermediate_chain_4_isoform_X1
S.townsendi_DNAI4_dynein_axonemal_intermediate_chain_4_isoform_X1	54.668	814	342	15	0.0	852	S.townsendi_DNAI4_dynein_axonemal_intermediate_chain_4_isoform_X1
X.laevis_dnai4.S_dynein_axonemal_intermediate_chain_4	56.197	710	275	10	0.0	806	X.laevis_dnai4.S_dynein_axonemal_intermediate_chain_4
S.salar_dnai4_dynein_axonemal_intermediate_chain_4_isoform_X1	50.123	812	364	12	0.0	785	S.salar_dnai4_dynein_axonemal_intermediate_chain_4_isoform_X1
G.gallus_WDR78_dynein_axonemal_intermediate_chain_4	52.466	730	301	7	0.0	758	G.gallus_WDR78_dynein_axonemal_intermediate_chain_4
C.carcharias_dnai4_dynein_intermediate_chain_4_axonemal_isoform_X	49.521	731	317	11	0.0	719	C.carcharias_dnai4_dynein_intermediate_chain_4_axonemal_isoform_X
D.rerio_wdr78_dynein_axonemal_intermediate_chain_4	47.018	721	340	10	0.0	660	D.rerio_wdr78_dynein_axonemal_intermediate_chain_4
D.rerio_wdr78_dynein_axonemal_intermediate_chain_4	47.018	721	340	10	0.0	660	D.rerio_wdr78_dynein_axonemal_intermediate_chain_4
G.aculeatus_dnai4_dynein_intermediate_chain_4_axonemal_isoform_X1	39.326	801	410	16	0.0	551	G.aculeatus_dnai4_dynein_intermediate_chain_4_axonemal_isoform_X1
X.laevis_dnai1.L_dynein_axonemal_intermediate_chain_1_L_homeolog_	36.512	367	212	7	1.55e-67	241	X.laevis_dnai1.L_dynein_axonemal_intermediate_chain_1_L_homeolog_
F.catus_DNAI1_dynein_axonemal_intermediate_chain_1_isoform_X1	35.411	401	226	10	2.51e-67	240	F.catus_DNAI1_dynein_axonemal_intermediate_chain_1_isoform_X1
E.caballus_DNAI1_dynein_intermediate_chain_1_axonemal_isoform_X3	35.122	410	233	10	7.43e-67	240	E.caballus_DNAI1_dynein_intermediate_chain_1_axonemal_isoform_X3
G.gallus_DNAI1_dynein_axonemal_intermediate_chain_1_isoform_X1	35.376	359	211	7	2.51e-65	235	G.gallus_DNAI1_dynein_axonemal_intermediate_chain_1_isoform_X1
H.sapiens_DNAI1_dynein_axonemal_intermediate_chain_1_isoform_2	36.592	358	207	7	7.41e-65	233	H.sapiens_DNAI1_dynein_axonemal_intermediate_chain_1_isoform_2
S.salar_dnai1.2_dynein_axonemal_intermediate_chain_1_paralog_2	29.444	540	300	12	6.64e-64	231	S.salar_dnai1.2_dynein_axonemal_intermediate_chain_1_paralog_2
C.carcharias_dnai1.2_dynein_axonemal_intermediate_chain_1_paralog	29.466	543	296	14	3.30e-63	229	C.carcharias_dnai1.2_dynein_axonemal_intermediate_chain_1_paralog
C.mydas_DNAI1_dynein_axonemal_intermediate_chain_1_partial	35.359	362	207	8	2.18e-62	228	C.mydas_DNAI1_dynein_axonemal_intermediate_chain_1_partial
G.aculeatus_dnai1.2_dynein_axonemal_intermediate_chain_1_paralog_	30.841	535	286	15	6.41e-62	224	G.aculeatus_dnai1.2_dynein_axonemal_intermediate_chain_1_paralog_
D.rerio_dnai1.2_dynein_axonemal_intermediate_chain_1_paralog_2	34.203	345	208	6	1.90e-55	206	D.rerio_dnai1.2_dynein_axonemal_intermediate_chain_1_paralog_2
C.carcharias_LOC121284908_cytoplasmic_dynein_1_intermediate_chain	27.035	344	215	9	1.89e-30	130	C.carcharias_LOC121284908_cytoplasmic_dynein_1_intermediate_chain
S.townsendi_DYNC1I2_cytoplasmic_dynein_1_intermediate_chain_2_iso	27.378	347	210	9	2.28e-30	130	S.townsendi_DYNC1I2_cytoplasmic_dynein_1_intermediate_chain_2_iso
C.mydas_DYNC1I2_cytoplasmic_dynein_1_intermediate_chain_2_isoform	27.089	347	211	9	5.42e-30	129	C.mydas_DYNC1I2_cytoplasmic_dynein_1_intermediate_chain_2_isoform
X.laevis_dync1i2.S_uncharacterized_protein_LOC431853_isoform_X1	26.801	347	212	9	1.09e-29	129	X.laevis_dync1i2.S_uncharacterized_protein_LOC431853_isoform_X1
G.gallus_DYNC1I2_cytoplasmic_dynein_1_intermediate_chain_2	26.801	347	212	9	5.42e-29	126	G.gallus_DYNC1I2_cytoplasmic_dynein_1_intermediate_chain_2
X.laevis_dync1i2.L_cytoplasmic_dynein_1_intermediate_chain_2_isof	26.513	347	213	9	6.40e-29	126	X.laevis_dync1i2.L_cytoplasmic_dynein_1_intermediate_chain_2_isof
D.rerio_dync1i1_cytoplasmic_dynein_1_intermediate_chain_1_isoform	26.648	349	210	10	9.15e-29	126	D.rerio_dync1i1_cytoplasmic_dynein_1_intermediate_chain_1_isoform
S.salar_LOC106569495_dynein_cytoplasmic_1_intermediate_chain_2ali	27.507	349	217	9	1.04e-28	125	S.salar_LOC106569495_dynein_cytoplasmic_1_intermediate_chain_2ali
D.rerio_LOC798868_cytoplasmic_dynein_1_intermediate_chain_1like	27.066	351	206	11	1.54e-28	122	D.rerio_LOC798868_cytoplasmic_dynein_1_intermediate_chain_1like
F.catus_DYNC1I2_cytoplasmic_dynein_1_intermediate_chain_2_isoform	26.801	347	212	9	1.58e-28	125	F.catus_DYNC1I2_cytoplasmic_dynein_1_intermediate_chain_2_isoform
G.aculeatus_LOC120816621_dynein_cytoplasmic_1_intermediate_chain_	27.507	349	217	9	1.65e-28	125	G.aculeatus_LOC120816621_dynein_cytoplasmic_1_intermediate_chain_
E.caballus_DYNC1I2_cytoplasmic_dynein_1_intermediate_chain_2_isof	26.801	347	212	9	2.03e-28	125	E.caballus_DYNC1I2_cytoplasmic_dynein_1_intermediate_chain_2_isof
H.sapiens_DYNC1I2_cytoplasmic_dynein_1_intermediate_chain_2_isofo	26.801	347	212	9	2.67e-28	124	H.sapiens_DYNC1I2_cytoplasmic_dynein_1_intermediate_chain_2_isofo
H.sapiens_DYNC1I2_cytoplasmic_dynein_1_intermediate_chain_2_isofo	26.801	347	212	9	2.67e-28	124	H.sapiens_DYNC1I2_cytoplasmic_dynein_1_intermediate_chain_2_isofo
S.salar_LOC106588927_cytoplasmic_dynein_1_intermediate_chain_1_is	25.641	390	247	10	4.59e-28	124	S.salar_LOC106588927_cytoplasmic_dynein_1_intermediate_chain_1_is
D.rerio_dync1i2a_cytoplasmic_dynein_1_intermediate_chain_2_isofor	26.513	347	213	9	7.17e-28	123	D.rerio_dync1i2a_cytoplasmic_dynein_1_intermediate_chain_2_isofor
C.carcharias_LOC121275081_cytoplasmic_dynein_1_intermediate_chain	26.934	349	209	11	7.77e-28	122	C.carcharias_LOC121275081_cytoplasmic_dynein_1_intermediate_chain
G.aculeatus_dync1i2a_dynein_cytoplasmic_1_intermediate_chain_2a_i	27.011	348	210	10	1.77e-27	122	G.aculeatus_dync1i2a_dynein_cytoplasmic_1_intermediate_chain_2a_i
G.aculeatus_LOC120826158_cytoplasmic_dynein_1_intermediate_chain_	24.396	455	280	14	2.70e-27	122	G.aculeatus_LOC120826158_cytoplasmic_dynein_1_intermediate_chain_
F.catus_DYNC2I2_cytoplasmic_dynein_2_intermediate_chain_2_isoform	25.474	369	228	10	4.05e-27	120	F.catus_DYNC2I2_cytoplasmic_dynein_2_intermediate_chain_2_isoform
S.salar_LOC106586225_LOW_QUALITY_PROTEIN_dynein_cytoplasmic_1_int	26.744	344	216	9	4.26e-27	120	S.salar_LOC106586225_LOW_QUALITY_PROTEIN_dynein_cytoplasmic_1_int
S.salar_dc1i2_cytoplasmic_dynein_1_intermediate_chain_2_isoform_X	26.453	344	217	9	7.03e-27	120	S.salar_dc1i2_cytoplasmic_dynein_1_intermediate_chain_2_isoform_X
S.salar_LOC100380667_cytoplasmic_dynein_1_intermediate_chain_1_is	25.469	373	236	9	1.27e-26	119	S.salar_LOC100380667_cytoplasmic_dynein_1_intermediate_chain_1_is
X.laevis_dync2i2.L_dynein_2_intermediate_chain_2_L_homeolog	25.815	368	232	11	1.29e-26	118	X.laevis_dync2i2.L_dynein_2_intermediate_chain_2_L_homeolog
D.rerio_dync1i2b_cytoplasmic_dynein_1_intermediate_chain_2_isofor	26.163	344	218	10	1.90e-26	119	D.rerio_dync1i2b_cytoplasmic_dynein_1_intermediate_chain_2_isofor
H.sapiens_DYNC2I2_cytoplasmic_dynein_2_intermediate_chain_2_isofo	25.337	371	226	10	1.94e-26	117	H.sapiens_DYNC2I2_cytoplasmic_dynein_2_intermediate_chain_2_isofo
C.carcharias_dync2i2_WD_repeatcontaining_protein_34	26.854	391	243	12	1.94e-26	117	C.carcharias_dync2i2_WD_repeatcontaining_protein_34
S.salar_LOC106592451_cytoplasmic_dynein_1_intermediate_chain_1lik	25.641	351	211	11	2.57e-26	118	S.salar_LOC106592451_cytoplasmic_dynein_1_intermediate_chain_1lik
E.caballus_WDR34_WD_repeatcontaining_protein_34_isoform_X1	25.337	371	226	11	2.63e-26	117	E.caballus_WDR34_WD_repeatcontaining_protein_34_isoform_X1
X.laevis_LOC108718845_cytoplasmic_dynein_1_intermediate_chain_1_i	25.356	351	212	11	4.11e-26	118	X.laevis_LOC108718845_cytoplasmic_dynein_1_intermediate_chain_1_i
C.carcharias_LOC121276595_cytoplasmic_dynein_1_intermediate_chain	27.350	351	205	12	7.38e-26	117	C.carcharias_LOC121276595_cytoplasmic_dynein_1_intermediate_chain
S.salar_LOC106600066_cytoplasmic_dynein_1_intermediate_chain_2lik	25.852	352	219	10	2.19e-25	115	S.salar_LOC106600066_cytoplasmic_dynein_1_intermediate_chain_2lik
S.townsendi_DYNC1I1_cytoplasmic_dynein_1_intermediate_chain_1_iso	24.786	351	214	11	3.20e-25	115	S.townsendi_DYNC1I1_cytoplasmic_dynein_1_intermediate_chain_1_iso
C.mydas_DYNC1I1_cytoplasmic_dynein_1_intermediate_chain_1_isoform	25.360	347	217	11	5.76e-25	114	C.mydas_DYNC1I1_cytoplasmic_dynein_1_intermediate_chain_1_isoform
G.gallus_DYNC1I1_cytoplasmic_dynein_1_intermediate_chain_1_isofor	23.735	514	304	18	8.27e-25	113	G.gallus_DYNC1I1_cytoplasmic_dynein_1_intermediate_chain_1_isofor
D.rerio_wdr34_WD_repeatcontaining_protein_34_isoform_X1	25.806	372	223	12	1.55e-24	111	D.rerio_wdr34_WD_repeatcontaining_protein_34_isoform_X1
H.sapiens_DYNC1I1_cytoplasmic_dynein_1_intermediate_chain_1_isofo	24.786	351	214	11	1.64e-24	112	H.sapiens_DYNC1I1_cytoplasmic_dynein_1_intermediate_chain_1_isofo
F.catus_DYNC1I1_cytoplasmic_dynein_1_intermediate_chain_1_isoform	24.501	351	215	11	2.62e-24	112	F.catus_DYNC1I1_cytoplasmic_dynein_1_intermediate_chain_1_isoform
E.caballus_DYNC1I1_cytoplasmic_dynein_1_intermediate_chain_1_isof	24.501	351	215	11	2.66e-24	112	E.caballus_DYNC1I1_cytoplasmic_dynein_1_intermediate_chain_1_isof
S.salar_dync2i2_WD_repeatcontaining_protein_34_isoform_X2	24.829	439	268	16	1.04e-23	109	S.salar_dync2i2_WD_repeatcontaining_protein_34_isoform_X2
S.townsendi_DYNC2I2_cytoplasmic_dynein_2_intermediate_chain_2	24.457	368	229	11	1.65e-23	108	S.townsendi_DYNC2I2_cytoplasmic_dynein_2_intermediate_chain_2
C.mydas_DYNC2I2_cytoplasmic_dynein_2_intermediate_chain_2_isoform	23.224	366	236	11	3.72e-22	104	C.mydas_DYNC2I2_cytoplasmic_dynein_2_intermediate_chain_2_isoform
H.sapiens_DNAI2_dynein_axonemal_intermediate_chain_2_isoform_3	26.144	306	194	9	7.29e-22	104	H.sapiens_DNAI2_dynein_axonemal_intermediate_chain_2_isoform_3
S.salar_LOC106610195_dynein_axonemal_intermediate_chain_2	27.687	307	188	12	1.87e-21	102	S.salar_LOC106610195_dynein_axonemal_intermediate_chain_2
G.gallus_WDR34_cytoplasmic_dynein_2_intermediate_chain_2_isoform_	25.068	367	233	11	2.19e-21	102	G.gallus_WDR34_cytoplasmic_dynein_2_intermediate_chain_2_isoform_
E.caballus_DNAI2_dynein_intermediate_chain_2_axonemal_isoform_X2	24.576	354	225	10	2.37e-21	102	E.caballus_DNAI2_dynein_intermediate_chain_2_axonemal_isoform_X2
D.rerio_dnai2a_uncharacterized_protein_LOC563648_isoform_X1	26.059	307	190	10	1.31e-20	98.6	D.rerio_dnai2a_uncharacterized_protein_LOC563648_isoform_X1
G.aculeatus_dnai2b_dynein_intermediate_chain_3_ciliary	25.733	307	194	11	1.83e-20	99.8	G.aculeatus_dnai2b_dynein_intermediate_chain_3_ciliary
D.rerio_dnai2a_uncharacterized_protein_LOC563648_isoform_X1	26.059	307	190	10	3.54e-20	98.6	D.rerio_dnai2a_uncharacterized_protein_LOC563648_isoform_X1
D.rerio_dnai2b_dynein_intermediate_chain_2_axonemal	26.299	308	193	11	6.55e-20	98.2	D.rerio_dnai2b_dynein_intermediate_chain_2_axonemal
F.catus_DNAI2_dynein_axonemal_intermediate_chain_2_isoform_X1	24.756	307	199	9	1.44e-19	97.1	F.catus_DNAI2_dynein_axonemal_intermediate_chain_2_isoform_X1
X.laevis_dnai2.S_dynein_axonemal_intermediate_chain_2	26.645	304	191	10	1.77e-19	96.7	X.laevis_dnai2.S_dynein_axonemal_intermediate_chain_2
C.mydas_DNAI2_dynein_axonemal_intermediate_chain_2	24.430	307	194	10	8.26e-19	94.4	C.mydas_DNAI2_dynein_axonemal_intermediate_chain_2
G.gallus_DNAI2_dynein_axonemal_intermediate_chain_2	25.574	305	193	11	1.38e-18	94.0	G.gallus_DNAI2_dynein_axonemal_intermediate_chain_2
G.aculeatus_dync2i2_WD_repeatcontaining_protein_34	22.716	405	263	13	3.85e-17	88.6	G.aculeatus_dync2i2_WD_repeatcontaining_protein_34
C.carcharias_dnai2b_dynein_intermediate_chain_2_axonemal	25.817	306	195	9	4.26e-17	89.0	C.carcharias_dnai2b_dynein_intermediate_chain_2_axonemal
S.townsendi_DNAI2_dynein_axonemal_intermediate_chain_2	23.127	307	200	10	3.53e-16	86.3	S.townsendi_DNAI2_dynein_axonemal_intermediate_chain_2
S.salar_dnai2b_LOW_QUALITY_PROTEIN_dynein_axonemal_intermediate_c	24.918	305	190	10	5.71e-13	75.5	S.salar_dnai2b_LOW_QUALITY_PROTEIN_dynein_axonemal_intermediate_c
S.townsendi_CORO2B_coronin2B	35.294	85	47	2	1.45e-06	55.1	S.townsendi_CORO2B_coronin2B
H.sapiens_WDR38_WD_repeatcontaining_protein_38_isoform_1	27.564	156	107	4	2.16e-06	53.9	H.sapiens_WDR38_WD_repeatcontaining_protein_38_isoform_1
G.aculeatus_coro2ba_coronin2B_isoform_X2	32.558	86	50	2	4.93e-06	53.5	G.aculeatus_coro2ba_coronin2B_isoform_X2
G.gallus_CORO2B_coronin2B_isoform_X1	34.118	85	48	2	6.70e-06	53.1	G.gallus_CORO2B_coronin2B_isoform_X1
C.mydas_CORO2B_coronin2B	34.118	85	48	2	6.97e-06	52.8	C.mydas_CORO2B_coronin2B
S.salar_LOC106595117_coronin2Blike_isoform_X1	31.765	85	50	2	1.14e-05	52.4	S.salar_LOC106595117_coronin2Blike_isoform_X1
S.salar_LOC106593363_coronin2B_isoform_X1	31.765	85	50	2	1.16e-05	52.4	S.salar_LOC106593363_coronin2B_isoform_X1
S.salar_coro2bb_coronin2B_isoform_X2	31.034	87	52	3	1.61e-05	51.6	S.salar_coro2bb_coronin2B_isoform_X2
X.laevis_coro2b.S_coronin2Blike_isoform_X1	29.412	85	52	2	1.68e-05	51.6	X.laevis_coro2b.S_coronin2Blike_isoform_X1
D.rerio_coro2ba_coronin2B_isoform_X1	32.558	86	50	2	2.38e-05	51.2	D.rerio_coro2ba_coronin2B_isoform_X1
D.rerio_coro2ba_coronin2B_isoform_X1	32.558	86	50	2	2.38e-05	51.2	D.rerio_coro2ba_coronin2B_isoform_X1
S.salar_LOC106588642_transcription_initiation_factor_TFIID_subuni	20.175	228	161	6	2.99e-05	51.2	S.salar_LOC106588642_transcription_initiation_factor_TFIID_subuni
C.carcharias_coro2ba_coronin2B_isoform_X1	32.530	83	48	3	3.60e-05	50.4	C.carcharias_coro2ba_coronin2B_isoform_X1
E.caballus_WDR77_methylosome_protein_50	36.145	83	43	2	4.05e-05	50.1	E.caballus_WDR77_methylosome_protein_50
D.rerio_taf5_transcription_initiation_factor_TFIID_subunit_5	23.494	166	121	4	4.06e-05	50.8	D.rerio_taf5_transcription_initiation_factor_TFIID_subunit_5
S.salar_LOC106564630_transcription_initiation_factor_TFIID_subuni	19.802	202	142	5	4.29e-05	50.8	S.salar_LOC106564630_transcription_initiation_factor_TFIID_subuni
X.laevis_coro2b.L_coronin2B_isoform_X3	29.412	85	52	2	4.34e-05	50.4	X.laevis_coro2b.L_coronin2B_isoform_X3
H.sapiens_GRWD1_glutamaterich_WD_repeatcontaining_protein_1	26.230	122	81	3	5.60e-05	50.1	H.sapiens_GRWD1_glutamaterich_WD_repeatcontaining_protein_1
H.sapiens_CORO2B_coronin2B_isoform_1	31.765	85	50	2	6.37e-05	49.7	H.sapiens_CORO2B_coronin2B_isoform_1
E.caballus_CORO2B_coronin2B	31.765	85	50	2	6.65e-05	49.7	E.caballus_CORO2B_coronin2B
C.carcharias_LOC121281802_methylosome_protein_50like	32.927	82	43	2	6.79e-05	49.3	C.carcharias_LOC121281802_methylosome_protein_50like
C.carcharias_wdr44_WD_repeatcontaining_protein_44	19.919	246	163	8	7.05e-05	50.1	C.carcharias_wdr44_WD_repeatcontaining_protein_44
C.carcharias_taf5_transcription_initiation_factor_TFIID_subunit_5	21.687	166	124	4	7.09e-05	50.1	C.carcharias_taf5_transcription_initiation_factor_TFIID_subunit_5
F.catus_WDR70_WD_repeatcontaining_protein_70	22.727	154	109	4	7.22e-05	49.7	F.catus_WDR70_WD_repeatcontaining_protein_70
C.carcharias_LOC121288031_coronin7like	23.846	130	94	2	7.98e-05	50.1	C.carcharias_LOC121288031_coronin7like
S.salar_LOC106585905_protein_HIRA	35.065	77	44	4	9.36e-05	49.7	S.salar_LOC106585905_protein_HIRA
D.rerio_hira_protein_HIRA	32.468	77	48	3	1.02e-04	49.7	D.rerio_hira_protein_HIRA
E.caballus_WDR70_WD_repeatcontaining_protein_70	22.727	154	109	4	1.11e-04	49.3	E.caballus_WDR70_WD_repeatcontaining_protein_70
S.townsendi_LOC125436062_dynein_axonemal_intermediate_chain_1like	30.435	92	57	3	1.45e-04	45.1	S.townsendi_LOC125436062_dynein_axonemal_intermediate_chain_1like
F.catus_CORO2B_coronin2B_isoform_X2	31.765	85	50	2	1.55e-04	48.5	F.catus_CORO2B_coronin2B_isoform_X2
S.townsendi_TAF5_transcription_initiation_factor_TFIID_subunit_5	23.494	166	121	4	1.61e-04	48.9	S.townsendi_TAF5_transcription_initiation_factor_TFIID_subunit_5
X.laevis_coro2a.L_coronin_2A_L_homeolog_isoform_X1	33.696	92	51	3	1.74e-04	48.5	X.laevis_coro2a.L_coronin_2A_L_homeolog_isoform_X1
S.townsendi_SEC13_protein_SEC13_homolog	39.130	69	39	3	1.90e-04	47.8	S.townsendi_SEC13_protein_SEC13_homolog
X.laevis_hira.S_protein_HIRA_isoform_X2	33.750	80	49	3	1.93e-04	48.5	X.laevis_hira.S_protein_HIRA_isoform_X2
G.aculeatus_coro6_coronin6_isoform_X2	21.739	138	100	2	2.15e-04	48.1	G.aculeatus_coro6_coronin6_isoform_X2
X.laevis_LOC121399394_coronin2Alike_isoform_X1	33.696	92	51	3	2.18e-04	48.1	X.laevis_LOC121399394_coronin2Alike_isoform_X1
E.caballus_TAF5_transcription_initiation_factor_TFIID_subunit_5	22.289	166	123	4	2.39e-04	48.1	E.caballus_TAF5_transcription_initiation_factor_TFIID_subunit_5
X.laevis_hira.L_protein_HIRAlike_isoform_X3	33.750	80	49	3	2.54e-04	48.1	X.laevis_hira.L_protein_HIRAlike_isoform_X3
H.sapiens_TAF5_transcription_initiation_factor_TFIID_subunit_5_is	22.289	166	123	4	2.63e-04	48.1	H.sapiens_TAF5_transcription_initiation_factor_TFIID_subunit_5_is
G.gallus_TAF5_transcription_initiation_factor_TFIID_subunit_5	22.892	166	122	4	2.68e-04	48.1	G.gallus_TAF5_transcription_initiation_factor_TFIID_subunit_5
G.aculeatus_katnb1_katanin_p80_WD40_repeatcontaining_subunit_B1_i	21.116	251	162	8	2.85e-04	48.1	G.aculeatus_katnb1_katanin_p80_WD40_repeatcontaining_subunit_B1_i
F.catus_TAF5_transcription_initiation_factor_TFIID_subunit_5	22.289	166	123	4	3.14e-04	47.8	F.catus_TAF5_transcription_initiation_factor_TFIID_subunit_5
G.aculeatus_LOC120830594_LOW_QUALITY_PROTEIN_protein_HIRAlike	31.169	77	49	3	3.39e-04	47.8	G.aculeatus_LOC120830594_LOW_QUALITY_PROTEIN_protein_HIRAlike
S.salar_LOC106564152_WD_repeatcontaining_protein_70	22.727	154	109	4	3.94e-04	47.4	S.salar_LOC106564152_WD_repeatcontaining_protein_70
X.laevis_LOC121399392_coronin2Alike_isoform_X2	33.696	92	51	3	4.12e-04	45.8	X.laevis_LOC121399392_coronin2Alike_isoform_X2
X.laevis_taf5.L_transcription_initiation_factor_TFIID_subunit_5	24.590	183	119	6	4.39e-04	47.4	X.laevis_taf5.L_transcription_initiation_factor_TFIID_subunit_5
F.catus_GRWD1_glutamaterich_WD_repeatcontaining_protein_1	23.846	130	90	4	5.21e-04	47.0	F.catus_GRWD1_glutamaterich_WD_repeatcontaining_protein_1
X.laevis_wdr70.L_WD_repeatcontaining_protein_70_isoform_X1	21.429	154	111	3	5.35e-04	47.0	X.laevis_wdr70.L_WD_repeatcontaining_protein_70_isoform_X1
C.mydas_WDR44_WD_repeatcontaining_protein_44_isoform_X2	19.262	244	167	9	6.36e-04	47.0	C.mydas_WDR44_WD_repeatcontaining_protein_44_isoform_X2
X.laevis_LOC108704226_WD_repeatcontaining_protein_wdr52_isoform_X	23.043	230	148	8	7.12e-04	46.2	X.laevis_LOC108704226_WD_repeatcontaining_protein_wdr52_isoform_X
S.townsendi_LOC125442759_WD_repeatcontaining_protein_44like	18.852	244	168	9	7.13e-04	46.6	S.townsendi_LOC125442759_WD_repeatcontaining_protein_44like
X.laevis_taf5.S_transcription_initiation_factor_TFIID_subunit_5	24.044	183	120	6	7.19e-04	46.6	X.laevis_taf5.S_transcription_initiation_factor_TFIID_subunit_5
C.mydas_LOC102942655_protein_HIRA	34.211	76	46	3	7.36e-04	46.6	C.mydas_LOC102942655_protein_HIRA
G.gallus_HIRA_protein_HIRA	34.211	76	46	3	7.43e-04	46.6	G.gallus_HIRA_protein_HIRA
C.mydas_DCAF5_DDB1_and_CUL4associated_factor_5_isoform_X1	30.252	119	71	7	7.71e-04	46.6	C.mydas_DCAF5_DDB1_and_CUL4associated_factor_5_isoform_X1
D.rerio_rbbp4_histonebinding_protein_RBBP4	25.342	146	86	5	7.90e-04	46.2	D.rerio_rbbp4_histonebinding_protein_RBBP4
S.salar_LOC106570721_histonebinding_protein_RBBP4like	25.342	146	86	5	8.25e-04	46.2	S.salar_LOC106570721_histonebinding_protein_RBBP4like
S.salar_LOC106581094_histonebinding_protein_RBBP4like	25.342	146	86	5	8.25e-04	46.2	S.salar_LOC106581094_histonebinding_protein_RBBP4like
G.aculeatus_LOC120832557_histonebinding_protein_RBBP4_isoform_X1	25.342	146	86	5	8.29e-04	46.2	G.aculeatus_LOC120832557_histonebinding_protein_RBBP4_isoform_X1
G.aculeatus_rbbp4_histonebinding_protein_RBBP4	25.342	146	86	5	8.35e-04	46.2	G.aculeatus_rbbp4_histonebinding_protein_RBBP4
S.salar_rbbp4_Histonebinding_protein_RBBP4	25.342	146	86	5	8.47e-04	46.2	S.salar_rbbp4_Histonebinding_protein_RBBP4
S.salar_LOC106574901_histonebinding_protein_RBBP7_isoform_X1	24.699	166	99	6	0.001	45.8	S.salar_LOC106574901_histonebinding_protein_RBBP7_isoform_X1
S.salar_rbbp7_histonebinding_protein_RBBP7_isoform_X1	24.699	166	99	6	0.001	45.8	S.salar_rbbp7_histonebinding_protein_RBBP7_isoform_X1
H.sapiens_WDR70_WD_repeatcontaining_protein_70_isoform_1	22.727	154	109	4	0.001	46.2	H.sapiens_WDR70_WD_repeatcontaining_protein_70_isoform_1
G.gallus_SEC13_protein_SEC13_homolog_isoform_X1	40.000	60	33	2	0.001	45.4	G.gallus_SEC13_protein_SEC13_homolog_isoform_X1
E.caballus_GRWD1_glutamaterich_WD_repeatcontaining_protein_1	28.049	82	53	2	0.001	45.8	E.caballus_GRWD1_glutamaterich_WD_repeatcontaining_protein_1
X.laevis_LOC108714639_protein_SEC13_homolog	40.000	60	33	2	0.001	45.4	X.laevis_LOC108714639_protein_SEC13_homolog
G.gallus_WDR44_WD_repeatcontaining_protein_44	18.852	244	168	9	0.001	46.2	G.gallus_WDR44_WD_repeatcontaining_protein_44
H.sapiens_HIRA_protein_HIRA	34.211	76	46	3	0.001	46.2	H.sapiens_HIRA_protein_HIRA
X.laevis_rbbp4.L_histonebinding_protein_RBBP4A	25.342	146	86	5	0.001	45.4	X.laevis_rbbp4.L_histonebinding_protein_RBBP4A
X.laevis_LOC108701637_coronin7	27.500	80	58	0	0.001	45.8	X.laevis_LOC108701637_coronin7
F.catus_WDR44_WD_repeatcontaining_protein_44_isoform_X1	17.623	244	171	7	0.001	45.8	F.catus_WDR44_WD_repeatcontaining_protein_44_isoform_X1
G.aculeatus_rbb4l_histonebinding_protein_RBBP7	24.460	139	96	3	0.001	45.4	G.aculeatus_rbb4l_histonebinding_protein_RBBP7
H.sapiens_RBBP4_histonebinding_protein_RBBP4_isoform_a	25.342	146	86	5	0.001	45.4	H.sapiens_RBBP4_histonebinding_protein_RBBP4_isoform_a
G.gallus_RBBP4_histonebinding_protein_RBBP4	25.342	146	86	5	0.001	45.4	G.gallus_RBBP4_histonebinding_protein_RBBP4
F.catus_RBBP4_histonebinding_protein_RBBP4	25.342	146	86	5	0.001	45.4	F.catus_RBBP4_histonebinding_protein_RBBP4
E.caballus_RBBP4_histonebinding_protein_RBBP4_isoform_X3	25.342	146	86	5	0.001	45.4	E.caballus_RBBP4_histonebinding_protein_RBBP4_isoform_X3
C.mydas_SEC13_protein_SEC13_homolog_isoform_X4	38.333	60	34	2	0.001	45.1	C.mydas_SEC13_protein_SEC13_homolog_isoform_X4
F.catus_WDR77_methylosome_protein_50	33.750	80	49	2	0.001	45.1	F.catus_WDR77_methylosome_protein_50
S.townsendi_LOC125442820_LOW_QUALITY_PROTEIN_protein_HIRA	34.211	76	46	3	0.001	45.8	S.townsendi_LOC125442820_LOW_QUALITY_PROTEIN_protein_HIRA
C.carcharias_LOC121290582_histonebinding_protein_RBBP7	25.342	146	86	5	0.001	45.4	C.carcharias_LOC121290582_histonebinding_protein_RBBP7
E.caballus_HIRA_protein_HIRA_isoform_X1	32.941	85	51	4	0.001	45.8	E.caballus_HIRA_protein_HIRA_isoform_X1
C.carcharias_LOC121283481_coronin6like	22.302	139	99	3	0.001	45.4	C.carcharias_LOC121283481_coronin6like
F.catus_HIRA_protein_HIRA_isoform_X1	31.707	82	52	3	0.001	45.8	F.catus_HIRA_protein_HIRA_isoform_X1
X.laevis_daw1.S_dynein_assembly_factor_with_WDR_repeat_domains_1	26.056	142	98	4	0.001	45.4	X.laevis_daw1.S_dynein_assembly_factor_with_WDR_repeat_domains_1
E.caballus_CDC40_premRNAprocessing_factor_17	22.222	207	146	6	0.001	45.4	E.caballus_CDC40_premRNAprocessing_factor_17
F.catus_CDC40_premRNAprocessing_factor_17	22.222	207	146	6	0.002	45.4	F.catus_CDC40_premRNAprocessing_factor_17
X.laevis_rbbp4.S_histonebinding_protein_RBBP4B	25.342	146	86	5	0.002	45.4	X.laevis_rbbp4.S_histonebinding_protein_RBBP4B
H.sapiens_SEC13_protein_SEC13_homolog_isoform_X8	39.130	69	39	2	0.002	45.1	H.sapiens_SEC13_protein_SEC13_homolog_isoform_X8
E.caballus_WDR25_WD_repeatcontaining_protein_25	24.336	226	149	10	0.002	45.4	E.caballus_WDR25_WD_repeatcontaining_protein_25
D.rerio_rbb4l_histonebinding_protein_RBBP7	25.342	146	86	5	0.002	45.1	D.rerio_rbb4l_histonebinding_protein_RBBP7
X.laevis_sec13.S_SEC13_homolog_nuclear_pore_and_COPII_coat_comple	40.000	60	33	2	0.002	45.1	X.laevis_sec13.S_SEC13_homolog_nuclear_pore_and_COPII_coat_comple
S.townsendi_RBBP4_histonebinding_protein_RBBP4_isoform_X2	25.342	146	86	5	0.002	45.1	S.townsendi_RBBP4_histonebinding_protein_RBBP4_isoform_X2
S.townsendi_CORO7_coronin7	24.000	75	57	0	0.002	45.4	S.townsendi_CORO7_coronin7
H.sapiens_CDC40_premRNAprocessing_factor_17	22.222	207	146	6	0.002	45.4	H.sapiens_CDC40_premRNAprocessing_factor_17
X.laevis_coro1a.S_uncharacterized_protein_LOC398982	23.404	141	91	3	0.002	45.1	X.laevis_coro1a.S_uncharacterized_protein_LOC398982
C.mydas_AHI1_jouberin_isoform_X2	23.438	128	94	4	0.002	45.8	C.mydas_AHI1_jouberin_isoform_X2
C.carcharias_LOC121291697_histonebinding_protein_RBBP4_isoform_X4	25.342	146	86	5	0.002	45.1	C.carcharias_LOC121291697_histonebinding_protein_RBBP4_isoform_X4
G.aculeatus_coro1cb_coronin1CA_isoform_X1	25.694	144	95	6	0.002	45.4	G.aculeatus_coro1cb_coronin1CA_isoform_X1
S.townsendi_DCAF5_DDB1_and_CUL4associated_factor_5	29.412	119	72	7	0.002	45.4	S.townsendi_DCAF5_DDB1_and_CUL4associated_factor_5
E.caballus_WDR38_WD_repeatcontaining_protein_38_isoform_X2	24.176	182	125	5	0.002	44.7	E.caballus_WDR38_WD_repeatcontaining_protein_38_isoform_X2
C.carcharias_katnb1_katanin_p80_WD40_repeatcontaining_subunit_B1_	22.989	174	126	5	0.002	45.1	C.carcharias_katnb1_katanin_p80_WD40_repeatcontaining_subunit_B1_
C.mydas_LOC102934767_Akinase_anchor_protein_10_mitochondrial_isof	24.554	224	138	8	0.002	45.1	C.mydas_LOC102934767_Akinase_anchor_protein_10_mitochondrial_isof
D.rerio_coro6_coronin6	26.923	104	66	3	0.002	44.7	D.rerio_coro6_coronin6
G.aculeatus_LOC120831683_WD_repeatcontaining_protein_70_isoform_X	22.727	154	107	4	0.002	45.1	G.aculeatus_LOC120831683_WD_repeatcontaining_protein_70_isoform_X
S.townsendi_PWP2_periodic_tryptophan_protein_2_homolog	23.973	146	91	3	0.003	45.1	S.townsendi_PWP2_periodic_tryptophan_protein_2_homolog
C.carcharias_sec31a_protein_transport_protein_Sec31A_isoform_X1	19.758	248	162	6	0.003	45.1	C.carcharias_sec31a_protein_transport_protein_Sec31A_isoform_X1
S.townsendi_LOC125445869_notchless_protein_homolog_1like	24.265	136	94	4	0.003	43.5	S.townsendi_LOC125445869_notchless_protein_homolog_1like
H.sapiens_RBBP7_histonebinding_protein_RBBP7_isoform_2	27.143	140	91	5	0.003	44.7	H.sapiens_RBBP7_histonebinding_protein_RBBP7_isoform_2
C.carcharias_LOC121276697_WD_repeatcontaining_protein_70	22.078	154	110	3	0.003	44.7	C.carcharias_LOC121276697_WD_repeatcontaining_protein_70
F.catus_RBBP7_histonebinding_protein_RBBP7_isoform_X3	27.143	140	91	5	0.003	44.7	F.catus_RBBP7_histonebinding_protein_RBBP7_isoform_X3
E.caballus_CDC20_cell_division_cycle_protein_20_homolog	21.384	318	188	14	0.003	44.7	E.caballus_CDC20_cell_division_cycle_protein_20_homolog
X.laevis_tep1.L_telomerase_protein_component_1	21.970	264	159	9	0.003	45.1	X.laevis_tep1.L_telomerase_protein_component_1
G.gallus_CORO2A_coronin2A_isoform_X1	32.530	83	48	3	0.003	44.7	G.gallus_CORO2A_coronin2A_isoform_X1
E.caballus_RBBP7_histonebinding_protein_RBBP7_isoform_X2	27.143	140	91	5	0.003	44.3	E.caballus_RBBP7_histonebinding_protein_RBBP7_isoform_X2
X.laevis_LOC108708306_histonebinding_protein_RBBP7	25.180	139	95	3	0.003	44.3	X.laevis_LOC108708306_histonebinding_protein_RBBP7
C.carcharias_LOC121285555_protein_HIRA_isoform_X1	25.000	104	68	4	0.003	44.7	C.carcharias_LOC121285555_protein_HIRA_isoform_X1
C.mydas_RBBP7_histonebinding_protein_RBBP7_isoform_X2	25.180	139	95	3	0.003	44.3	C.mydas_RBBP7_histonebinding_protein_RBBP7_isoform_X2
G.gallus_WDR77_methylosome_protein_50	27.119	118	65	3	0.003	43.9	G.gallus_WDR77_methylosome_protein_50
G.gallus_RBBP7_histonebinding_protein_RBBP7	25.180	139	95	3	0.003	44.3	G.gallus_RBBP7_histonebinding_protein_RBBP7
G.aculeatus_taf5_transcription_initiation_factor_TFIID_subunit_5	21.084	166	125	4	0.004	44.3	G.aculeatus_taf5_transcription_initiation_factor_TFIID_subunit_5
C.mydas_CDC40_premRNAprocessing_factor_17_isoform_X1	22.222	207	146	6	0.004	44.3	C.mydas_CDC40_premRNAprocessing_factor_17_isoform_X1
E.caballus_SEC13_protein_SEC13_homolog_isoform_X1	36.232	69	41	2	0.004	43.9	E.caballus_SEC13_protein_SEC13_homolog_isoform_X1
F.catus_SEC13_protein_SEC13_homolog_isoform_X1	36.232	69	41	2	0.004	43.9	F.catus_SEC13_protein_SEC13_homolog_isoform_X1
C.mydas_CORO1C_coronin1C_isoform_X1	32.558	86	50	3	0.004	44.7	C.mydas_CORO1C_coronin1C_isoform_X1
X.laevis_coro1c.S_coronin_1C_S_homeolog	25.899	139	93	4	0.004	43.9	X.laevis_coro1c.S_coronin_1C_S_homeolog
D.rerio_nle1_notchless_protein_homolog_1	28.750	80	56	1	0.004	43.9	D.rerio_nle1_notchless_protein_homolog_1
G.gallus_WDR63_dynein_axonemal_intermediate_chain_3_isoform_X3	27.711	166	96	7	0.004	44.3	G.gallus_WDR63_dynein_axonemal_intermediate_chain_3_isoform_X3
C.mydas_WDHD1_WD_repeat_and_HMGbox_DNAbinding_protein_1_isoform_X	26.087	138	78	6	0.004	44.3	C.mydas_WDHD1_WD_repeat_and_HMGbox_DNAbinding_protein_1_isoform_X
H.sapiens_WDR90_WD_repeatcontaining_protein_90_isoform_X24	22.590	332	203	14	0.004	44.3	H.sapiens_WDR90_WD_repeatcontaining_protein_90_isoform_X24
C.mydas_CORO1B_coronin1B	27.119	177	95	8	0.004	43.9	C.mydas_CORO1B_coronin1B
D.rerio_sec13_protein_SEC13_homolog	40.000	60	33	2	0.004	43.5	D.rerio_sec13_protein_SEC13_homolog
D.rerio_sec13_protein_SEC13_homolog	40.000	60	33	2	0.004	43.5	D.rerio_sec13_protein_SEC13_homolog
D.rerio_sec13_protein_SEC13_homolog	40.000	60	33	2	0.004	43.5	D.rerio_sec13_protein_SEC13_homolog
E.caballus_LOC100069750_coronin7_isoform_X1	22.807	114	87	1	0.005	44.3	E.caballus_LOC100069750_coronin7_isoform_X1
S.salar_LOC106573330_protein_NEDD1_isoform_X2	23.043	230	144	9	0.005	43.9	S.salar_LOC106573330_protein_NEDD1_isoform_X2
S.salar_sec13_protein_SEC13_homolog_isoform_X1	40.000	60	33	2	0.005	43.5	S.salar_sec13_protein_SEC13_homolog_isoform_X1
G.aculeatus_sec13_protein_SEC13_homolog	40.000	60	33	2	0.005	43.5	G.aculeatus_sec13_protein_SEC13_homolog
S.townsendi_TAF5L_TAF5like_RNA_polymerase_II_p300CBPassociated_fa	25.926	135	93	4	0.005	43.5	S.townsendi_TAF5L_TAF5like_RNA_polymerase_II_p300CBPassociated_fa
S.salar_LOC106590526_WD_repeat_domaincontaining_protein_83like	25.984	127	88	3	0.005	43.5	S.salar_LOC106590526_WD_repeat_domaincontaining_protein_83like
S.salar_LOC106561915_katanin_p80_WD40_repeatcontaining_subunit_B1	22.156	167	124	5	0.005	43.9	S.salar_LOC106561915_katanin_p80_WD40_repeatcontaining_subunit_B1
D.rerio_coro1a_coronin1A	21.693	189	105	4	0.005	43.9	D.rerio_coro1a_coronin1A
D.rerio_coro1a_coronin1A	21.693	189	105	4	0.005	43.9	D.rerio_coro1a_coronin1A
S.salar_LOC106603980_coronin6	27.451	102	64	3	0.005	43.9	S.salar_LOC106603980_coronin6
C.carcharias_daw1_dynein_assembly_factor_with_WDR_repeat_domains_	23.026	152	105	3	0.005	43.5	C.carcharias_daw1_dynein_assembly_factor_with_WDR_repeat_domains_
S.salar_morg1_Mitogenactivated_protein_kinase_organizer_1	25.984	127	88	3	0.005	43.1	S.salar_morg1_Mitogenactivated_protein_kinase_organizer_1
H.sapiens_CORO1B_coronin1B	32.558	86	50	3	0.005	43.5	H.sapiens_CORO1B_coronin1B
X.laevis_LOC108709624_histonebinding_protein_RBBP7_isoform_X2	25.180	139	95	3	0.006	43.5	X.laevis_LOC108709624_histonebinding_protein_RBBP7_isoform_X2
S.salar_LOC106587072_LOW_QUALITY_PROTEIN_katanin_p80_WD40_repeatc	22.156	167	124	5	0.006	43.9	S.salar_LOC106587072_LOW_QUALITY_PROTEIN_katanin_p80_WD40_repeatc
F.catus_WDR38_WD_repeatcontaining_protein_38_isoform_X3	22.930	157	115	4	0.006	43.1	F.catus_WDR38_WD_repeatcontaining_protein_38_isoform_X3
E.caballus_WDR44_WD_repeatcontaining_protein_44_isoform_X1	18.443	244	169	9	0.006	43.9	E.caballus_WDR44_WD_repeatcontaining_protein_44_isoform_X1
F.catus_TAF5L_TAF5like_RNA_polymerase_II_p300CBPassociated_factor	26.667	135	92	4	0.006	43.5	F.catus_TAF5L_TAF5like_RNA_polymerase_II_p300CBPassociated_factor
X.laevis_wdr44.S_WD_repeatcontaining_protein_44like	18.852	244	169	9	0.006	43.9	X.laevis_wdr44.S_WD_repeatcontaining_protein_44like
D.rerio_wdr38_WD_repeatcontaining_protein_38	27.731	119	79	4	0.006	42.4	D.rerio_wdr38_WD_repeatcontaining_protein_38
G.aculeatus_LOC120821689_LOW_QUALITY_PROTEIN_coronin2Blike	32.530	83	48	2	0.006	43.5	G.aculeatus_LOC120821689_LOW_QUALITY_PROTEIN_coronin2Blike
G.gallus_CORO1C_coronin1C_isoform_1	23.188	138	99	2	0.006	43.5	G.gallus_CORO1C_coronin1C_isoform_1
E.caballus_TAF5L_TAF5like_RNA_polymerase_II_p300CBPassociated_fac	26.667	135	92	4	0.006	43.5	E.caballus_TAF5L_TAF5like_RNA_polymerase_II_p300CBPassociated_fac
H.sapiens_WDHD1_WD_repeat_and_HMGbox_DNAbinding_protein_1_isoform	31.776	107	55	5	0.006	43.9	H.sapiens_WDHD1_WD_repeat_and_HMGbox_DNAbinding_protein_1_isoform
S.salar_nedd1_protein_NEDD1_isoform_X1	22.174	230	146	9	0.006	43.5	S.salar_nedd1_protein_NEDD1_isoform_X1
S.salar_wdhd1_WD_repeat_and_HMGbox_DNAbinding_protein_1_isoform_X	32.990	97	48	5	0.007	43.5	S.salar_wdhd1_WD_repeat_and_HMGbox_DNAbinding_protein_1_isoform_X
D.rerio_taf5l_TAF5like_RNA_polymerase_II_p300CBPassociated_factor	31.707	82	51	2	0.007	43.5	D.rerio_taf5l_TAF5like_RNA_polymerase_II_p300CBPassociated_factor
F.catus_CORO1A_coronin1A_isoform_X1	24.286	140	92	4	0.007	43.1	F.catus_CORO1A_coronin1A_isoform_X1
H.sapiens_WDR44_WD_repeatcontaining_protein_44_isoform_1	18.776	245	167	9	0.007	43.5	H.sapiens_WDR44_WD_repeatcontaining_protein_44_isoform_1
C.carcharias_taf5l_TAF5like_RNA_polymerase_II_p300CBPassociated_f	24.342	152	107	4	0.007	43.5	C.carcharias_taf5l_TAF5like_RNA_polymerase_II_p300CBPassociated_f
S.townsendi_WDR70_WD_repeatcontaining_protein_70	20.779	154	112	3	0.007	43.5	S.townsendi_WDR70_WD_repeatcontaining_protein_70
X.laevis_dcaf5.S_DDB1_and_CUL4associated_factor_5	28.689	122	69	7	0.007	43.5	X.laevis_dcaf5.S_DDB1_and_CUL4associated_factor_5
F.catus_DNAI3_dynein_axonemal_intermediate_chain_3	26.733	101	63	3	0.008	43.5	F.catus_DNAI3_dynein_axonemal_intermediate_chain_3
G.aculeatus_grwd1_glutamaterich_WD_repeatcontaining_protein_1	22.464	138	95	4	0.008	43.1	G.aculeatus_grwd1_glutamaterich_WD_repeatcontaining_protein_1
C.mydas_CORO1A_coronin1A	23.776	143	88	4	0.008	43.1	C.mydas_CORO1A_coronin1A
G.gallus_CORO7_coronin7	24.348	115	86	1	0.008	43.5	G.gallus_CORO7_coronin7
D.rerio_cdc40_premRNAprocessing_factor_17	22.759	145	108	3	0.008	43.1	D.rerio_cdc40_premRNAprocessing_factor_17
C.mydas_WDR77_methylosome_protein_50	32.051	78	51	1	0.008	42.7	C.mydas_WDR77_methylosome_protein_50
X.laevis_coro1a.L_LOW_QUALITY_PROTEIN_coronin1A	28.916	83	51	2	0.008	43.1	X.laevis_coro1a.L_LOW_QUALITY_PROTEIN_coronin1A
G.aculeatus_LOC120817730_LOW_QUALITY_PROTEIN_kinesinlike_protein_	29.268	82	57	1	0.008	43.5	G.aculeatus_LOC120817730_LOW_QUALITY_PROTEIN_kinesinlike_protein_
C.carcharias_sec13_protein_SEC13_homolog	48.649	37	18	1	0.008	42.7	C.carcharias_sec13_protein_SEC13_homolog
H.sapiens_TAF5L_TAF5like_RNA_polymerase_II_p300CBPassociated_fact	26.667	135	92	4	0.009	43.1	H.sapiens_TAF5L_TAF5like_RNA_polymerase_II_p300CBPassociated_fact
C.mydas_STXBP5_syntaxinbinding_protein_5_isoform_X1	21.825	252	163	8	0.009	43.1	C.mydas_STXBP5_syntaxinbinding_protein_5_isoform_X1
H.sapiens_WDR77_methylosome_protein_50_isoform_4	35.443	79	41	2	0.009	42.7	H.sapiens_WDR77_methylosome_protein_50_isoform_4
C.mydas_WDR70_WD_repeatcontaining_protein_70_isoform_X1	20.779	154	112	3	0.009	43.1	C.mydas_WDR70_WD_repeatcontaining_protein_70_isoform_X1
F.catus_SEC31B_protein_transport_protein_Sec31B_isoform_X10	20.851	235	150	6	0.010	43.1	F.catus_SEC31B_protein_transport_protein_Sec31B_isoform_X10
X.laevis_taf5l.S_uncharacterized_protein_LOC734892	25.781	128	89	3	0.010	42.7	X.laevis_taf5l.S_uncharacterized_protein_LOC734892
X.laevis_dcaf5.L_DDB1_and_CUL4_associated_factor_5_L_homeolog	28.571	119	73	7	0.010	43.1	X.laevis_dcaf5.L_DDB1_and_CUL4_associated_factor_5_L_homeolog
X.laevis_wdr44.L_WD_repeatcontaining_protein_44	18.367	245	169	8	0.010	43.1	X.laevis_wdr44.L_WD_repeatcontaining_protein_44
S.salar_LOC106611461_DDB1_and_CUL4associated_factor_5_isoform_X1	28.455	123	75	6	0.010	43.1	S.salar_LOC106611461_DDB1_and_CUL4associated_factor_5_isoform_X1
F.catus_LOC101093982_coronin7_isoform_X1	21.795	156	115	3	0.010	43.1	F.catus_LOC101093982_coronin7_isoform_X1
C.carcharias_nle1_notchless_protein_homolog_1_isoform_X1	25.543	184	107	6	0.010	42.7	C.carcharias_nle1_notchless_protein_homolog_1_isoform_X1
S.salar_coro6_coronin6_isoform_X1	26.471	102	65	3	0.010	42.7	S.salar_coro6_coronin6_isoform_X1
X.laevis_cdc40.S_cell_division_cycle_40_S_homeolog	21.739	207	147	6	0.011	42.7	X.laevis_cdc40.S_cell_division_cycle_40_S_homeolog
C.mydas_WDR83_WD_repeat_domaincontaining_protein_83	25.984	127	88	3	0.011	42.4	C.mydas_WDR83_WD_repeat_domaincontaining_protein_83
C.carcharias_apaf1_apoptotic_proteaseactivating_factor_1_isoform_	24.260	169	114	5	0.011	43.1	C.carcharias_apaf1_apoptotic_proteaseactivating_factor_1_isoform_
D.rerio_nedd1_protein_NEDD1_isoform_X1	21.983	232	146	10	0.012	42.7	D.rerio_nedd1_protein_NEDD1_isoform_X1
F.catus_BRWD1_bromodomain_and_WD_repeatcontaining_protein_1	21.006	338	208	15	0.012	43.1	F.catus_BRWD1_bromodomain_and_WD_repeatcontaining_protein_1
S.townsendi_CORO2A_coronin2A_partial	32.143	84	49	3	0.012	42.4	S.townsendi_CORO2A_coronin2A_partial
S.salar_LOC106571808_premRNAprocessing_factor_17	22.381	210	142	6	0.012	42.7	S.salar_LOC106571808_premRNAprocessing_factor_17
D.rerio_cdc20_cell_division_cycle_protein_20_homolog	27.350	117	74	4	0.013	42.4	D.rerio_cdc20_cell_division_cycle_protein_20_homolog
G.aculeatus_LOC120828748_coatomer_subunit_beta\\like	24.540	163	105	5	0.013	42.7	G.aculeatus_LOC120828748_coatomer_subunit_beta\\like
H.sapiens_CORO2A_coronin2A	34.940	83	46	3	0.013	42.4	H.sapiens_CORO2A_coronin2A
G.gallus_CORO1B_coronin1B_isoform_X1	30.233	86	52	2	0.013	42.4	G.gallus_CORO1B_coronin1B_isoform_X1
G.aculeatus_nedd1_protein_NEDD1_isoform_X2	21.333	225	154	8	0.013	42.4	G.aculeatus_nedd1_protein_NEDD1_isoform_X2
G.gallus_WDR70_WD_repeatcontaining_protein_70_isoform_X1	21.053	152	110	3	0.013	42.4	G.gallus_WDR70_WD_repeatcontaining_protein_70_isoform_X1
E.caballus_CORO1A_coronin1A	23.239	142	100	3	0.013	42.4	E.caballus_CORO1A_coronin1A
X.laevis_taf5l.L_TATAbox_binding_protein_associated_factor_5_like	27.857	140	91	6	0.013	42.4	X.laevis_taf5l.L_TATAbox_binding_protein_associated_factor_5_like
S.townsendi_WDR77_methylosome_protein_50	30.769	78	52	1	0.014	42.4	S.townsendi_WDR77_methylosome_protein_50
F.catus_CORO1B_coronin1B	32.558	86	50	3	0.014	42.4	F.catus_CORO1B_coronin1B
S.salar_wdsub1_WD_repeat_SAM_and_Ubox_domaincontaining_protein_1_	23.387	124	84	4	0.014	42.4	S.salar_wdsub1_WD_repeat_SAM_and_Ubox_domaincontaining_protein_1_
C.mydas_CORO7_coronin7	25.676	74	55	0	0.015	42.4	C.mydas_CORO7_coronin7
G.aculeatus_LOC120830487_coronin1CA_isoform_X1	27.564	156	87	7	0.015	42.4	G.aculeatus_LOC120830487_coronin1CA_isoform_X1
F.catus_WDR5B_WD_repeatcontaining_protein_5B	33.333	78	51	1	0.015	42.0	F.catus_WDR5B_WD_repeatcontaining_protein_5B
G.aculeatus_nle1_notchless_protein_homolog_1	28.750	80	56	1	0.016	42.0	G.aculeatus_nle1_notchless_protein_homolog_1
G.gallus_SEC31B_protein_transport_protein_Sec31B_isoform_X1	22.881	118	78	4	0.016	42.4	G.gallus_SEC31B_protein_transport_protein_Sec31B_isoform_X1
D.rerio_coro1cb_uncharacterized_protein_coro1cb_isoform_X2	26.316	133	86	6	0.017	42.4	D.rerio_coro1cb_uncharacterized_protein_coro1cb_isoform_X2
D.rerio_coro1cb_uncharacterized_protein_coro1cb_isoform_X2	26.316	133	86	6	0.017	42.4	D.rerio_coro1cb_uncharacterized_protein_coro1cb_isoform_X2
X.laevis_coro1c.L_coronin_1C_L_homeolog_isoform_X1	24.476	143	98	3	0.018	42.4	X.laevis_coro1c.L_coronin_1C_L_homeolog_isoform_X1
G.gallus_CDC40_premRNAprocessing_factor_17	22.170	212	154	6	0.018	42.0	G.gallus_CDC40_premRNAprocessing_factor_17
S.townsendi_CDC40_premRNAprocessing_factor_17	22.069	145	109	3	0.018	42.0	S.townsendi_CDC40_premRNAprocessing_factor_17
C.mydas_TAF5L_TAF5like_RNA_polymerase_II_p300CBPassociated_factor	25.926	135	93	4	0.018	42.0	C.mydas_TAF5L_TAF5like_RNA_polymerase_II_p300CBPassociated_factor
E.caballus_CORO1C_coronin1C	28.205	156	86	7	0.019	42.0	E.caballus_CORO1C_coronin1C
H.sapiens_CORO7-PAM16_CORO7PAM16_protein	23.077	156	113	3	0.019	42.4	H.sapiens_CORO7-PAM16_CORO7PAM16_protein
H.sapiens_CORO7-PAM16_CORO7PAM16_protein	23.077	156	113	3	0.019	42.4	H.sapiens_CORO7-PAM16_CORO7PAM16_protein
D.rerio_coro2bb_coronin2B_isoform_X2	31.325	83	49	3	0.019	42.0	D.rerio_coro2bb_coronin2B_isoform_X2
E.caballus_CORO1B_coronin1B	32.143	84	50	2	0.020	42.0	E.caballus_CORO1B_coronin1B
G.aculeatus_wdr3_LOW_QUALITY_PROTEIN_WD_repeatcontaining_protein_	23.404	235	141	10	0.021	42.0	G.aculeatus_wdr3_LOW_QUALITY_PROTEIN_WD_repeatcontaining_protein_
X.laevis_LOC108701857_spermassociated_antigen_16_protein_isoform_	21.637	171	126	5	0.021	42.0	X.laevis_LOC108701857_spermassociated_antigen_16_protein_isoform_
S.salar_LOC106577574_coronin1B	26.786	112	73	3	0.022	41.6	S.salar_LOC106577574_coronin1B
C.mydas_TAF5_transcription_initiation_factor_TFIID_subunit_5_isof	21.714	175	122	6	0.022	42.0	C.mydas_TAF5_transcription_initiation_factor_TFIID_subunit_5_isof
X.laevis_cdc20.S_cell_division_cycle_20_S_homeolog	20.207	193	134	6	0.023	41.6	X.laevis_cdc20.S_cell_division_cycle_20_S_homeolog
C.carcharias_pwp2h_PWP2_small_subunit_processome_component_isofor	21.333	150	100	2	0.023	42.0	C.carcharias_pwp2h_PWP2_small_subunit_processome_component_isofor
F.catus_CORO1C_coronin1C_isoform_X1	28.205	156	86	7	0.023	41.6	F.catus_CORO1C_coronin1C_isoform_X1
H.sapiens_CORO1C_coronin1C_isoform_a	31.395	86	51	3	0.023	41.6	H.sapiens_CORO1C_coronin1C_isoform_a
S.salar_cor1c_coronin1C_isoform_X1	24.306	144	97	6	0.024	42.0	S.salar_cor1c_coronin1C_isoform_X1
F.catus_CDC20_cell_division_cycle_protein_20_homolog_isoform_X1	21.069	318	189	14	0.024	41.6	F.catus_CDC20_cell_division_cycle_protein_20_homolog_isoform_X1
C.mydas_CORO2A_coronin2A_isoform_X1	32.990	97	49	4	0.025	41.6	C.mydas_CORO2A_coronin2A_isoform_X1
H.sapiens_CORO7_coronin7_isoform_3	23.077	156	113	3	0.025	41.6	H.sapiens_CORO7_coronin7_isoform_3
H.sapiens_CORO7_coronin7_isoform_3	23.077	156	113	3	0.025	41.6	H.sapiens_CORO7_coronin7_isoform_3
G.aculeatus_wdr25_WD_repeatcontaining_protein_25	24.113	141	100	4	0.025	41.6	G.aculeatus_wdr25_WD_repeatcontaining_protein_25
D.rerio_wdr60_WD_repeatcontaining_protein_60_isoform_X3	21.693	378	239	14	0.025	41.6	D.rerio_wdr60_WD_repeatcontaining_protein_60_isoform_X3
D.rerio_wdr3_WD_repeatcontaining_protein_3	22.222	243	139	9	0.025	41.6	D.rerio_wdr3_WD_repeatcontaining_protein_3
C.carcharias_dcaf5_DDB1_and_CUL4associated_factor_5	25.424	177	104	7	0.026	41.6	C.carcharias_dcaf5_DDB1_and_CUL4associated_factor_5
S.townsendi_WDSUB1_WD_repeat_SAM_and_Ubox_domaincontaining_protei	24.793	121	86	4	0.026	41.6	S.townsendi_WDSUB1_WD_repeat_SAM_and_Ubox_domaincontaining_protei
D.rerio_LOC101886786_methylosome_protein_50like_partial	34.043	47	31	0	0.027	38.5	D.rerio_LOC101886786_methylosome_protein_50like_partial
S.townsendi_CORO1B_coronin1B	24.113	141	94	3	0.027	41.2	S.townsendi_CORO1B_coronin1B
S.townsendi_CORO1A_coronin1A	21.705	129	91	4	0.027	41.2	S.townsendi_CORO1A_coronin1A
X.laevis_grwd1.S_glutamaterich_WD_repeat_containing_1	23.529	204	143	6	0.028	41.2	X.laevis_grwd1.S_glutamaterich_WD_repeat_containing_1
S.salar_ercc8_DNA_excision_repair_protein_ERCC8_isoform_X1	20.628	223	128	7	0.029	41.2	S.salar_ercc8_DNA_excision_repair_protein_ERCC8_isoform_X1
S.salar_coro1ca_coronin1CA	27.564	156	87	7	0.029	41.2	S.salar_coro1ca_coronin1CA
H.sapiens_TBL1Y_FboxlikeWD_repeatcontaining_protein_TBL1Y_isoform	20.124	323	190	13	0.030	41.2	H.sapiens_TBL1Y_FboxlikeWD_repeatcontaining_protein_TBL1Y_isoform
S.salar_LOC106580313_coronin1CA	26.282	156	89	6	0.030	41.2	S.salar_LOC106580313_coronin1CA
S.townsendi_TBL1XR1_FboxlikeWD_repeatcontaining_protein_TBL1XR1_i	19.433	247	145	10	0.030	41.2	S.townsendi_TBL1XR1_FboxlikeWD_repeatcontaining_protein_TBL1XR1_i
X.laevis_coro6.S_coronin6_isoform_X1	27.711	83	52	3	0.030	41.2	X.laevis_coro6.S_coronin6_isoform_X1
G.aculeatus_plrg1_pleiotropic_regulator_1	34.667	75	48	1	0.030	41.2	G.aculeatus_plrg1_pleiotropic_regulator_1
F.catus_WDR3_WD_repeatcontaining_protein_3_isoform_X2	21.176	255	142	10	0.031	41.6	F.catus_WDR3_WD_repeatcontaining_protein_3_isoform_X2
S.salar_LOC106584305_FboxlikeWD_repeatcontaining_protein_TBL1XR1_	19.433	247	145	10	0.032	41.2	S.salar_LOC106584305_FboxlikeWD_repeatcontaining_protein_TBL1XR1_
E.caballus_WDR90_WD_repeatcontaining_protein_90_isoform_X6	22.601	323	199	13	0.033	41.6	E.caballus_WDR90_WD_repeatcontaining_protein_90_isoform_X6
D.rerio_coro1ca_coronin1CA	24.299	214	132	10	0.033	41.2	D.rerio_coro1ca_coronin1CA
G.aculeatus_taf5l_TAF5like_RNA_polymerase_II_p300CBPassociated_fa	25.781	128	89	3	0.033	41.2	G.aculeatus_taf5l_TAF5like_RNA_polymerase_II_p300CBPassociated_fa
S.salar_LOC106613928_FboxlikeWD_repeatcontaining_protein_TBL1XR1_	19.433	247	145	10	0.033	41.2	S.salar_LOC106613928_FboxlikeWD_repeatcontaining_protein_TBL1XR1_
X.laevis_pwp2.S_uncharacterized_protein_LOC734637_isoform_X1	22.759	145	94	3	0.034	41.2	X.laevis_pwp2.S_uncharacterized_protein_LOC734637_isoform_X1
S.salar_LOC106568201_uncharacterized_protein_LOC106568201_isoform	24.306	144	97	6	0.034	41.6	S.salar_LOC106568201_uncharacterized_protein_LOC106568201_isoform
G.gallus_TAF5L_TAF5like_RNA_polymerase_II_p300CBPassociated_facto	26.667	135	92	4	0.035	41.2	G.gallus_TAF5L_TAF5like_RNA_polymerase_II_p300CBPassociated_facto
S.salar_LOC106568749_FboxlikeWD_repeatcontaining_protein_TBL1XR1	20.930	301	175	14	0.035	41.2	S.salar_LOC106568749_FboxlikeWD_repeatcontaining_protein_TBL1XR1
D.rerio_wdr70_WD_repeatcontaining_protein_70	22.727	154	109	4	0.036	41.2	D.rerio_wdr70_WD_repeatcontaining_protein_70
C.mydas_CDC20_cell_division_cycle_protein_20_homolog	20.376	319	191	13	0.036	40.8	C.mydas_CDC20_cell_division_cycle_protein_20_homolog
H.sapiens_NLE1_notchless_protein_homolog_1_isoform_a	26.250	80	58	1	0.037	40.8	H.sapiens_NLE1_notchless_protein_homolog_1_isoform_a
G.aculeatus_sec31a_protein_transport_protein_Sec31A_isoform_X2	24.265	136	84	4	0.037	41.2	G.aculeatus_sec31a_protein_transport_protein_Sec31A_isoform_X2
G.aculeatus_copb2_coatomer_subunit_beta\\	23.313	163	107	5	0.037	41.2	G.aculeatus_copb2_coatomer_subunit_beta\\
D.rerio_tbl1x_FboxlikeWD_repeatcontaining_protein_TBL1X	21.053	247	141	11	0.037	40.8	D.rerio_tbl1x_FboxlikeWD_repeatcontaining_protein_TBL1X
X.laevis_coro6.L_coronin6_isoform_X2	30.233	86	52	3	0.038	40.8	X.laevis_coro6.L_coronin6_isoform_X2
S.salar_LOC106579066_U5_small_nuclear_ribonucleoprotein_40_kDa_pr	23.529	238	145	8	0.039	40.8	S.salar_LOC106579066_U5_small_nuclear_ribonucleoprotein_40_kDa_pr
C.carcharias_LOC121284978_spermassociated_antigen_16_protein	20.942	191	143	5	0.040	40.8	C.carcharias_LOC121284978_spermassociated_antigen_16_protein
D.rerio_tbl1xr1a_FboxlikeWD_repeatcontaining_protein_TBL1XR1_isof	19.433	247	145	10	0.040	40.8	D.rerio_tbl1xr1a_FboxlikeWD_repeatcontaining_protein_TBL1XR1_isof
D.rerio_wdr83_WD_repeat_domaincontaining_protein_83	24.409	127	90	3	0.041	40.4	D.rerio_wdr83_WD_repeat_domaincontaining_protein_83
F.catus_TBL1XR1_FboxlikeWD_repeatcontaining_protein_TBL1XR1_isofo	20.482	249	140	12	0.041	40.8	F.catus_TBL1XR1_FboxlikeWD_repeatcontaining_protein_TBL1XR1_isofo
D.rerio_wdr44_WD_repeatcontaining_protein_44	17.551	245	171	8	0.041	41.2	D.rerio_wdr44_WD_repeatcontaining_protein_44
G.aculeatus_wdr83_LOW_QUALITY_PROTEIN_WD_repeat_domaincontaining_	24.409	127	90	4	0.042	40.4	G.aculeatus_wdr83_LOW_QUALITY_PROTEIN_WD_repeat_domaincontaining_
D.rerio_wdr44_WD_repeatcontaining_protein_44	17.551	245	171	8	0.042	41.2	D.rerio_wdr44_WD_repeatcontaining_protein_44
E.caballus_TBL1XR1_FboxlikeWD_repeatcontaining_protein_TBL1XR1_is	20.482	249	140	12	0.042	40.8	E.caballus_TBL1XR1_FboxlikeWD_repeatcontaining_protein_TBL1XR1_is
C.carcharias_pex7_peroxisomal_biogenesis_factor_7	25.974	154	108	5	0.042	40.4	C.carcharias_pex7_peroxisomal_biogenesis_factor_7
D.rerio_wdr44_WD_repeatcontaining_protein_44	17.551	245	171	8	0.043	40.8	D.rerio_wdr44_WD_repeatcontaining_protein_44
D.rerio_wdr83_WD_repeat_domaincontaining_protein_83	24.409	127	90	3	0.043	40.4	D.rerio_wdr83_WD_repeat_domaincontaining_protein_83
E.caballus_WDR5B_WD_repeatcontaining_protein_5B	33.333	78	51	1	0.044	40.4	E.caballus_WDR5B_WD_repeatcontaining_protein_5B
F.catus_ERCC8_DNA_excision_repair_protein_ERCC8_isoform_X4	21.111	270	154	10	0.044	40.4	F.catus_ERCC8_DNA_excision_repair_protein_ERCC8_isoform_X4
E.caballus_WDHD1_WD_repeat_and_HMGbox_DNAbinding_protein_1	29.907	107	57	5	0.044	40.8	E.caballus_WDHD1_WD_repeat_and_HMGbox_DNAbinding_protein_1
X.laevis_cdc40.L_premRNAprocessing_factor_17_isoform_X2	23.188	207	144	7	0.045	40.8	X.laevis_cdc40.L_premRNAprocessing_factor_17_isoform_X2
F.catus_WDHD1_WD_repeat_and_HMGbox_DNAbinding_protein_1_isoform_X	28.972	107	58	5	0.046	40.8	F.catus_WDHD1_WD_repeat_and_HMGbox_DNAbinding_protein_1_isoform_X
H.sapiens_DNAI3_dynein_axonemal_intermediate_chain_3_isoform_1	24.468	94	61	2	0.047	40.8	H.sapiens_DNAI3_dynein_axonemal_intermediate_chain_3_isoform_1
G.aculeatus_LOC120824474_FboxlikeWD_repeatcontaining_protein_TBL1	19.433	247	145	10	0.049	40.4	G.aculeatus_LOC120824474_FboxlikeWD_repeatcontaining_protein_TBL1
X.laevis_tbl1xr1.S_FboxlikeWD_repeatcontaining_protein_TBL1XR1B_i	19.433	247	145	10	0.049	40.4	X.laevis_tbl1xr1.S_FboxlikeWD_repeatcontaining_protein_TBL1XR1B_i
D.rerio_tbl1xr1b_FboxlikeWD_repeatcontaining_protein_TBL1XR1b	19.512	246	144	10	0.050	40.4	D.rerio_tbl1xr1b_FboxlikeWD_repeatcontaining_protein_TBL1XR1b
S.salar_LOC106562280_protein_transport_protein_Sec31Alike_isoform	25.424	118	79	3	0.051	40.8	S.salar_LOC106562280_protein_transport_protein_Sec31Alike_isoform
H.sapiens_TBL1XR1_FboxlikeWD_repeatcontaining_protein_TBL1XR1_iso	20.482	249	140	12	0.051	40.4	H.sapiens_TBL1XR1_FboxlikeWD_repeatcontaining_protein_TBL1XR1_iso
E.caballus_WDR3_WD_repeatcontaining_protein_3	20.784	255	143	10	0.051	40.8	E.caballus_WDR3_WD_repeatcontaining_protein_3
S.townsendi_COPB2_coatomer_subunit_beta\\	23.313	163	107	5	0.051	40.8	S.townsendi_COPB2_coatomer_subunit_beta\\
S.salar_daw1_dynein_assembly_factor_with_WDR_repeat_domains_1	23.973	146	96	4	0.054	40.4	S.salar_daw1_dynein_assembly_factor_with_WDR_repeat_domains_1
D.rerio_plrg1_pleiotropic_regulator_1	34.667	75	48	1	0.055	40.4	D.rerio_plrg1_pleiotropic_regulator_1
G.gallus_WDSUB1_WD_repeat_SAM_and_Ubox_domaincontaining_protein_1	29.487	78	53	2	0.056	40.4	G.gallus_WDSUB1_WD_repeat_SAM_and_Ubox_domaincontaining_protein_1
G.aculeatus_wdr44_WD_repeatcontaining_protein_44	18.033	244	170	9	0.056	40.4	G.aculeatus_wdr44_WD_repeatcontaining_protein_44
S.salar_LOC106592201_coatomer_subunit_beta\\	23.750	160	110	6	0.056	40.8	S.salar_LOC106592201_coatomer_subunit_beta\\
D.rerio_plrg1_pleiotropic_regulator_1	34.667	75	48	1	0.056	40.4	D.rerio_plrg1_pleiotropic_regulator_1
H.sapiens_WDR3_WD_repeatcontaining_protein_3	20.717	251	148	10	0.057	40.4	H.sapiens_WDR3_WD_repeatcontaining_protein_3
G.gallus_TBL1XR1_FboxlikeWD_repeatcontaining_protein_TBL1XR1	19.433	247	145	10	0.059	40.4	G.gallus_TBL1XR1_FboxlikeWD_repeatcontaining_protein_TBL1XR1
C.mydas_TBL1XR1_FboxlikeWD_repeatcontaining_protein_TBL1XR1_isofo	19.433	247	145	10	0.059	40.4	C.mydas_TBL1XR1_FboxlikeWD_repeatcontaining_protein_TBL1XR1_isofo
X.laevis_grwd1.L_glutamaterich_WD_repeatcontaining_protein_1	27.160	81	55	1	0.060	40.0	X.laevis_grwd1.L_glutamaterich_WD_repeatcontaining_protein_1
X.laevis_tbl1xr1.L_FboxlikeWD_repeatcontaining_protein_TBL1XR1A_i	19.433	247	145	10	0.060	40.4	X.laevis_tbl1xr1.L_FboxlikeWD_repeatcontaining_protein_TBL1XR1A_i
C.mydas_RBBP4_histonebinding_protein_RBBP4_isoform_X4	18.898	127	88	3	0.063	40.0	C.mydas_RBBP4_histonebinding_protein_RBBP4_isoform_X4
D.rerio_poc1b_POC1_centriolar_protein_homolog_B_isoform_X1	36.232	69	41	3	0.064	40.0	D.rerio_poc1b_POC1_centriolar_protein_homolog_B_isoform_X1
S.salar_LOC106587481_TAF5like_RNA_polymerase_II_p300CBPassociated	25.694	144	97	6	0.065	40.4	S.salar_LOC106587481_TAF5like_RNA_polymerase_II_p300CBPassociated
H.sapiens_PRPF19_premRNAprocessing_factor_19	22.414	174	131	4	0.065	40.0	H.sapiens_PRPF19_premRNAprocessing_factor_19
D.rerio_poc1b_POC1_centriolar_protein_homolog_B_isoform_X1	36.232	69	41	3	0.065	40.0	D.rerio_poc1b_POC1_centriolar_protein_homolog_B_isoform_X1
D.rerio_wdr44_WD_repeatcontaining_protein_44	17.959	245	170	8	0.067	40.0	D.rerio_wdr44_WD_repeatcontaining_protein_44
G.gallus_CORO6_coronin6_isoform_X4	22.302	139	99	3	0.067	40.0	G.gallus_CORO6_coronin6_isoform_X4
C.carcharias_pwp1_periodic_tryptophan_protein_1_homolog_isoform_X	25.564	133	97	2	0.068	40.0	C.carcharias_pwp1_periodic_tryptophan_protein_1_homolog_isoform_X
X.laevis_cdc20.L_cell_division_cycle_20_L_homeolog_isoform_X1	19.062	320	194	13	0.069	40.0	X.laevis_cdc20.L_cell_division_cycle_20_L_homeolog_isoform_X1
D.rerio_chaf1b_chromatin_assembly_factor_1_subunit_B	24.757	206	122	8	0.072	40.0	D.rerio_chaf1b_chromatin_assembly_factor_1_subunit_B
S.salar_LOC106564729_TAF5like_RNA_polymerase_II_p300CBPassociated	25.694	144	97	6	0.073	40.0	S.salar_LOC106564729_TAF5like_RNA_polymerase_II_p300CBPassociated
G.aculeatus_tbl1x_FboxlikeWD_repeatcontaining_protein_TBL1X_isofo	20.243	247	143	11	0.074	40.0	G.aculeatus_tbl1x_FboxlikeWD_repeatcontaining_protein_TBL1X_isofo
S.townsendi_CORO6_coronin6_isoform_X2	21.739	138	101	2	0.074	40.0	S.townsendi_CORO6_coronin6_isoform_X2
G.aculeatus_poc1b_POC1_centriolar_protein_homolog_B	28.205	78	55	1	0.075	40.0	G.aculeatus_poc1b_POC1_centriolar_protein_homolog_B
S.salar_LOC106608653_coronin1Blike	25.000	112	75	3	0.075	40.0	S.salar_LOC106608653_coronin1Blike
C.carcharias_cdc40_premRNAprocessing_factor_17	20.773	207	149	6	0.076	40.0	C.carcharias_cdc40_premRNAprocessing_factor_17
E.caballus_NLE1_notchless_protein_homolog_1_isoform_X1	26.250	80	58	1	0.077	40.0	E.caballus_NLE1_notchless_protein_homolog_1_isoform_X1
D.rerio_copb2_coatomer_subunit_beta\\	23.313	163	107	5	0.078	40.0	D.rerio_copb2_coatomer_subunit_beta\\
D.rerio_copb2_coatomer_subunit_beta\\	23.313	163	107	5	0.078	40.0	D.rerio_copb2_coatomer_subunit_beta\\
X.laevis_thoc3.L_THO_complex_subunit_3	31.081	74	49	2	0.078	39.7	X.laevis_thoc3.L_THO_complex_subunit_3
G.aculeatus_coro2aa_coronin2A_isoform_X1	27.711	83	52	2	0.081	40.0	G.aculeatus_coro2aa_coronin2A_isoform_X1
H.sapiens_WDR25_WD_repeatcontaining_protein_25_isoform_a	23.776	143	100	5	0.081	40.0	H.sapiens_WDR25_WD_repeatcontaining_protein_25_isoform_a
S.salar_LOC106565677_methylosome_protein_50like	29.730	111	72	5	0.081	39.7	S.salar_LOC106565677_methylosome_protein_50like
C.mydas_DNAI3_dynein_axonemal_intermediate_chain_3_isoform_X3	25.385	130	88	5	0.082	40.0	C.mydas_DNAI3_dynein_axonemal_intermediate_chain_3_isoform_X3
F.catus_POC1B_POC1_centriolar_protein_homolog_B_isoform_X3	23.288	146	108	3	0.084	39.7	F.catus_POC1B_POC1_centriolar_protein_homolog_B_isoform_X3
E.caballus_WDR63_WD_repeatcontaining_protein_63_isoform_X3	24.074	162	104	6	0.084	40.0	E.caballus_WDR63_WD_repeatcontaining_protein_63_isoform_X3
X.laevis_LOC108717276_uncharacterized_WD_repeatcontaining_protein	22.179	257	163	9	0.088	39.7	X.laevis_LOC108717276_uncharacterized_WD_repeatcontaining_protein
C.carcharias_plrg1_pleiotropic_regulator_1	36.842	57	36	0	0.089	39.7	C.carcharias_plrg1_pleiotropic_regulator_1
G.gallus_WDR17_WD_repeatcontaining_protein_17_isoform_X1	21.488	121	92	3	0.090	40.0	G.gallus_WDR17_WD_repeatcontaining_protein_17_isoform_X1
S.salar_LOC106598815_FboxlikeWD_repeatcontaining_protein_TBL1XR1	20.598	301	176	14	0.091	39.7	S.salar_LOC106598815_FboxlikeWD_repeatcontaining_protein_TBL1XR1
X.laevis_aamp.L_angio_associated_migratory_cell_protein_L_homeolo	20.703	256	166	9	0.094	39.7	X.laevis_aamp.L_angio_associated_migratory_cell_protein_L_homeolo
G.aculeatus_wdhd1_WD_repeat_and_HMGbox_DNAbinding_protein_1	26.277	137	79	5	0.096	40.0	G.aculeatus_wdhd1_WD_repeat_and_HMGbox_DNAbinding_protein_1
G.gallus_COPB2_coatomer_subunit_beta\\	23.313	163	107	5	0.096	39.7	G.gallus_COPB2_coatomer_subunit_beta\\
F.catus_NLE1_notchless_protein_homolog_1_isoform_X2	26.250	80	58	1	0.097	39.7	F.catus_NLE1_notchless_protein_homolog_1_isoform_X2
D.rerio_pwp1_periodic_tryptophan_protein_1_homolog	26.923	104	72	3	0.097	39.7	D.rerio_pwp1_periodic_tryptophan_protein_1_homolog
E.caballus_PWP2_periodic_tryptophan_protein_2_homolog	21.379	145	96	2	0.099	39.7	E.caballus_PWP2_periodic_tryptophan_protein_2_homolog
X.laevis_nle1.S_notchless_protein_homolog_1	24.219	128	94	3	0.10	39.7	X.laevis_nle1.S_notchless_protein_homolog_1
S.salar_LOC106599054_coatomer_subunit_beta\\_isoform_X1	23.313	163	107	5	0.10	39.7	S.salar_LOC106599054_coatomer_subunit_beta\\_isoform_X1
C.carcharias_tbl1xr1a_FboxlikeWD_repeatcontaining_protein_TBL1XR1	19.433	247	145	10	0.11	39.7	C.carcharias_tbl1xr1a_FboxlikeWD_repeatcontaining_protein_TBL1XR1
G.gallus_SPAG16_spermassociated_antigen_16_protein_isoform_X1	25.410	122	87	3	0.11	39.7	G.gallus_SPAG16_spermassociated_antigen_16_protein_isoform_X1
S.salar_LOC106563576_spermassociated_antigen_16_protein	21.622	148	112	3	0.11	39.7	S.salar_LOC106563576_spermassociated_antigen_16_protein
H.sapiens_WDR5B_WD_repeatcontaining_protein_5B	32.051	78	52	1	0.11	39.3	H.sapiens_WDR5B_WD_repeatcontaining_protein_5B
C.carcharias_LOC121283984_FboxlikeWD_repeatcontaining_protein_TBL	20.243	247	143	10	0.12	39.3	C.carcharias_LOC121283984_FboxlikeWD_repeatcontaining_protein_TBL
X.laevis_copb2.L_coatomer_subunit_beta\\	23.313	163	107	5	0.12	39.7	X.laevis_copb2.L_coatomer_subunit_beta\\
X.laevis_copb2.S_COPI_coat_complex_subunit_beta_2_S_homeolog	23.313	163	107	5	0.12	39.7	X.laevis_copb2.S_COPI_coat_complex_subunit_beta_2_S_homeolog
F.catus_PEX7_peroxisomal_biogenesis_factor_7	26.923	130	91	3	0.12	38.9	F.catus_PEX7_peroxisomal_biogenesis_factor_7
E.caballus_WDR31_WD_repeatcontaining_protein_31_isoform_X4	33.333	81	46	3	0.12	39.3	E.caballus_WDR31_WD_repeatcontaining_protein_31_isoform_X4
H.sapiens_TBL1X_FboxlikeWD_repeatcontaining_protein_TBL1X_isoform	18.553	318	201	12	0.12	39.3	H.sapiens_TBL1X_FboxlikeWD_repeatcontaining_protein_TBL1X_isoform
S.salar_LOC106569002_coatomer_subunit_beta\\like	23.313	163	107	5	0.12	39.7	S.salar_LOC106569002_coatomer_subunit_beta\\like
H.sapiens_CORO1A_coronin1A	23.448	145	96	4	0.12	39.3	H.sapiens_CORO1A_coronin1A
S.salar_LOC106603103_WD_repeatcontaining_protein_44_isoform_X3	19.310	290	166	9	0.12	39.7	S.salar_LOC106603103_WD_repeatcontaining_protein_44_isoform_X3
C.mydas_DAW1_dynein_assembly_factor_with_WDR_repeat_domains_1_iso	22.368	152	106	3	0.12	39.3	C.mydas_DAW1_dynein_assembly_factor_with_WDR_repeat_domains_1_iso
C.mydas_COPB2_coatomer_subunit_beta\\	23.313	163	107	5	0.12	39.7	C.mydas_COPB2_coatomer_subunit_beta\\
D.rerio_si:ch73-106g13.1_coronin2Alike	26.316	95	62	2	0.13	39.3	D.rerio_si:ch73-106g13.1_coronin2Alike
C.carcharias_coro1cb_coronin1C_isoform_X2	27.564	156	87	7	0.13	39.3	C.carcharias_coro1cb_coronin1C_isoform_X2
G.aculeatus_wdr33_LOW_QUALITY_PROTEIN_premRNA_3\\_end_processing_	24.051	79	59	1	0.13	39.3	G.aculeatus_wdr33_LOW_QUALITY_PROTEIN_premRNA_3\\_end_processing_
G.gallus_STRN_striatin_isoform_X1	21.030	233	147	8	0.14	39.3	G.gallus_STRN_striatin_isoform_X1
S.salar_dcaf5_DDB1_and_CUL4associated_factor_5	27.200	125	67	6	0.14	39.3	S.salar_dcaf5_DDB1_and_CUL4associated_factor_5
C.mydas_STRN_striatin_isoform_X2	20.601	233	148	8	0.14	39.3	C.mydas_STRN_striatin_isoform_X2
S.salar_cdc40_premRNAprocessing_factor_17	21.256	207	148	6	0.14	39.3	S.salar_cdc40_premRNAprocessing_factor_17
S.townsendi_PAAF1_proteasomal_ATPaseassociated_factor_1	23.308	133	88	2	0.14	38.9	S.townsendi_PAAF1_proteasomal_ATPaseassociated_factor_1
D.rerio_coro7_coronin7	25.000	80	60	0	0.14	39.3	D.rerio_coro7_coronin7
E.caballus_PEX7_peroxisomal_biogenesis_factor_7	26.154	130	92	3	0.14	38.9	E.caballus_PEX7_peroxisomal_biogenesis_factor_7
S.salar_LOC106583525_U3_small_nucleolar_RNAinteracting_protein_2	19.249	213	151	6	0.14	38.9	S.salar_LOC106583525_U3_small_nucleolar_RNAinteracting_protein_2
S.salar_LOC106576395_periodic_tryptophan_protein_1_homolog	23.699	173	87	5	0.15	38.9	S.salar_LOC106576395_periodic_tryptophan_protein_1_homolog
C.carcharias_grwd1_glutamaterich_WD_repeatcontaining_protein_1	25.000	84	57	2	0.15	38.9	C.carcharias_grwd1_glutamaterich_WD_repeatcontaining_protein_1
D.rerio_LOC100537938_coronin7like	25.000	80	60	0	0.15	38.9	D.rerio_LOC100537938_coronin7like
G.aculeatus_coro1a_coronin1A	21.162	241	135	8	0.15	38.9	G.aculeatus_coro1a_coronin1A
D.rerio_spag16_spermassociated_antigen_16_protein	26.613	124	80	4	0.15	38.9	D.rerio_spag16_spermassociated_antigen_16_protein
S.townsendi_SPAG16_spermassociated_antigen_16_protein	22.941	170	122	5	0.15	38.9	S.townsendi_SPAG16_spermassociated_antigen_16_protein
X.laevis_pwp1.S_PWP1_homolog_endonuclein_S_homeolog	21.012	257	165	6	0.15	38.9	X.laevis_pwp1.S_PWP1_homolog_endonuclein_S_homeolog
G.aculeatus_tbl1xr1b_FboxlikeWD_repeatcontaining_protein_TBL1XR1b	19.433	247	145	10	0.15	38.9	G.aculeatus_tbl1xr1b_FboxlikeWD_repeatcontaining_protein_TBL1XR1b
G.aculeatus_LOC120831946_spermassociated_antigen_16_proteinlike	26.277	137	97	4	0.16	38.9	G.aculeatus_LOC120831946_spermassociated_antigen_16_proteinlike
S.townsendi_WDHD1_LOW_QUALITY_PROTEIN_WD_repeat_and_HMGbox_DNAbin	29.245	106	59	5	0.16	39.3	S.townsendi_WDHD1_LOW_QUALITY_PROTEIN_WD_repeat_and_HMGbox_DNAbin
C.mydas_WDR33_premRNA_3\\_end_processing_protein_WDR33_isoform_X1	24.051	79	59	1	0.16	39.3	C.mydas_WDR33_premRNA_3\\_end_processing_protein_WDR33_isoform_X1
S.salar_poc1a_POC1_centriolar_protein_homolog_A_isoform_X1	20.930	301	190	10	0.16	38.9	S.salar_poc1a_POC1_centriolar_protein_homolog_A_isoform_X1
D.rerio_grwd1_glutamaterich_WD_repeatcontaining_protein_1	30.108	93	54	4	0.16	38.9	D.rerio_grwd1_glutamaterich_WD_repeatcontaining_protein_1
D.rerio_grwd1_glutamaterich_WD_repeatcontaining_protein_1	30.108	93	54	4	0.16	38.9	D.rerio_grwd1_glutamaterich_WD_repeatcontaining_protein_1
S.salar_LOC106609911_pleiotropic_regulator_1	32.000	75	50	1	0.16	38.9	S.salar_LOC106609911_pleiotropic_regulator_1
S.salar_dnai3_dynein_axonemal_intermediate_chain_3_isoform_X1	22.105	95	64	2	0.17	38.9	S.salar_dnai3_dynein_axonemal_intermediate_chain_3_isoform_X1
X.laevis_wdr77.S_methylosome_protein_50	28.378	74	51	1	0.17	38.5	X.laevis_wdr77.S_methylosome_protein_50
G.gallus_WDR33_premRNA_3\\_end_processing_protein_WDR33_isoform_X	24.051	79	59	1	0.17	39.3	G.gallus_WDR33_premRNA_3\\_end_processing_protein_WDR33_isoform_X
S.salar_LOC106602566_pleiotropic_regulator_1like	32.000	75	50	1	0.17	38.9	S.salar_LOC106602566_pleiotropic_regulator_1like
S.townsendi_WDR83_WD_repeat_domaincontaining_protein_83_isoform_X	24.409	127	90	3	0.17	38.5	S.townsendi_WDR83_WD_repeat_domaincontaining_protein_83_isoform_X
H.sapiens_PEX7_peroxisomal_biogenesis_factor_7	26.154	130	92	3	0.17	38.5	H.sapiens_PEX7_peroxisomal_biogenesis_factor_7
G.aculeatus_cfap52_LOW_QUALITY_PROTEIN_cilia_and_flagellaassociat	26.087	115	70	6	0.17	38.9	G.aculeatus_cfap52_LOW_QUALITY_PROTEIN_cilia_and_flagellaassociat
H.sapiens_POC1B_POC1_centriolar_protein_homolog_B_isoform_a	23.288	146	108	3	0.18	38.9	H.sapiens_POC1B_POC1_centriolar_protein_homolog_B_isoform_a
H.sapiens_PWP2_periodic_tryptophan_protein_2_homolog	22.069	145	95	2	0.18	38.9	H.sapiens_PWP2_periodic_tryptophan_protein_2_homolog
S.townsendi_WDR33_premRNA_3\\_end_processing_protein_WDR33_isofor	24.051	79	59	1	0.18	38.9	S.townsendi_WDR33_premRNA_3\\_end_processing_protein_WDR33_isofor
D.rerio_wdr33_premRNA_3\\_end_processing_protein_WDR33_isoform_1	24.051	79	59	1	0.18	38.9	D.rerio_wdr33_premRNA_3\\_end_processing_protein_WDR33_isoform_1
S.townsendi_WDFY2_LOW_QUALITY_PROTEIN_WD_repeat_and_FYVE_domainco	22.556	133	99	3	0.18	38.5	S.townsendi_WDFY2_LOW_QUALITY_PROTEIN_WD_repeat_and_FYVE_domainco
G.gallus_WDHD1_WD_repeat_and_HMGbox_DNAbinding_protein_1	24.818	137	81	6	0.18	38.9	G.gallus_WDHD1_WD_repeat_and_HMGbox_DNAbinding_protein_1
F.catus_CORO6_coronin6_isoform_X1	26.506	83	53	3	0.18	38.9	F.catus_CORO6_coronin6_isoform_X1
C.carcharias_wdr25_WD_repeatcontaining_protein_25	28.369	141	92	6	0.18	38.9	C.carcharias_wdr25_WD_repeatcontaining_protein_25
F.catus_CORO2A_coronin2A	30.120	83	50	3	0.19	38.9	F.catus_CORO2A_coronin2A
C.mydas_SPAG16_spermassociated_antigen_16_protein_isoform_X2	26.190	126	78	6	0.19	38.9	C.mydas_SPAG16_spermassociated_antigen_16_protein_isoform_X2
S.salar_LOC106582098_FboxlikeWD_repeatcontaining_protein_TBL1X	20.243	247	143	10	0.19	38.5	S.salar_LOC106582098_FboxlikeWD_repeatcontaining_protein_TBL1X
H.sapiens_LOC102724159_periodic_tryptophan_protein_2_homolog	22.069	145	95	2	0.19	38.9	H.sapiens_LOC102724159_periodic_tryptophan_protein_2_homolog
F.catus_DAW1_dynein_assembly_factor_with_WDR_repeat_domains_1_iso	21.591	176	117	4	0.19	38.5	F.catus_DAW1_dynein_assembly_factor_with_WDR_repeat_domains_1_iso
G.aculeatus_cdc40_premRNAprocessing_factor_17	21.256	207	148	6	0.20	38.5	G.aculeatus_cdc40_premRNAprocessing_factor_17
F.catus_WDR17_WD_repeatcontaining_protein_17_isoform_X7	22.314	242	164	10	0.20	38.9	F.catus_WDR17_WD_repeatcontaining_protein_17_isoform_X7
S.townsendi_PRPF4_U4U6_small_nuclear_ribonucleoprotein_Prp4_isofo	28.736	87	55	2	0.20	38.5	S.townsendi_PRPF4_U4U6_small_nuclear_ribonucleoprotein_Prp4_isofo
E.caballus_CORO6_coronin6_isoform_X4	24.096	83	55	2	0.20	38.5	E.caballus_CORO6_coronin6_isoform_X4
G.aculeatus_dcaf5_DDB1_and_CUL4associated_factor_5	27.731	119	74	7	0.21	38.9	G.aculeatus_dcaf5_DDB1_and_CUL4associated_factor_5
G.aculeatus_pex7_peroxisomal_biogenesis_factor_7_isoform_X1	29.670	91	58	2	0.21	38.1	G.aculeatus_pex7_peroxisomal_biogenesis_factor_7_isoform_X1
G.aculeatus_LOC120813869_protein_HIRAlike	29.851	67	43	3	0.21	38.1	G.aculeatus_LOC120813869_protein_HIRAlike
C.carcharias_dnai3_dynein_intermediate_chain_3_axonemal	24.771	109	69	3	0.21	38.9	C.carcharias_dnai3_dynein_intermediate_chain_3_axonemal
H.sapiens_CORO6_coronin6_isoform_X2	25.301	83	54	3	0.21	38.5	H.sapiens_CORO6_coronin6_isoform_X2
S.salar_LOC106571302_nucleoporin_Nup43	20.541	185	136	4	0.22	38.1	S.salar_LOC106571302_nucleoporin_Nup43
C.mydas_PWP2_periodic_tryptophan_protein_2_homolog	21.379	145	96	2	0.22	38.5	C.mydas_PWP2_periodic_tryptophan_protein_2_homolog
X.laevis_wdr3.S_WD_repeat_domain_3_S_homeolog_isoform_X1	27.273	88	57	3	0.22	38.5	X.laevis_wdr3.S_WD_repeat_domain_3_S_homeolog_isoform_X1
E.caballus_POC1B_POC1_centriolar_protein_homolog_B_isoform_X2	21.918	146	110	2	0.22	38.5	E.caballus_POC1B_POC1_centriolar_protein_homolog_B_isoform_X2
D.rerio_daw1_dynein_assembly_factor_with_WDR_repeat_domains_1_iso	23.973	146	96	4	0.23	38.1	D.rerio_daw1_dynein_assembly_factor_with_WDR_repeat_domains_1_iso
G.gallus_PRPF19_premRNAprocessing_factor_19	21.839	174	132	4	0.23	38.5	G.gallus_PRPF19_premRNAprocessing_factor_19
S.salar_coro7_coronin7	21.488	121	92	2	0.23	38.5	S.salar_coro7_coronin7
G.aculeatus_LOC120817877_LOW_QUALITY_PROTEIN_serinethreonine_kina	32.877	73	46	3	0.23	38.1	G.aculeatus_LOC120817877_LOW_QUALITY_PROTEIN_serinethreonine_kina
X.laevis_poc1a.L_POC1_centriolar_protein_homolog_A	20.598	301	191	10	0.23	38.5	X.laevis_poc1a.L_POC1_centriolar_protein_homolog_A
