H.sapiens_DNAI4_dynein_axonemal_intermediate_chain_4_isoform_X8
F.catus_DNAI4_LOW_QUALITY_PROTEIN_dynein_axonemal_intermediate_ch
E.caballus_WDR78_WD_repeatcontaining_protein_78
C.mydas_DNAI4_dynein_axonemal_intermediate_chain_4_isoform_X1
S.townsendi_DNAI4_dynein_axonemal_intermediate_chain_4_isoform_X1
X.laevis_dnai4.S_dynein_axonemal_intermediate_chain_4
S.salar_dnai4_dynein_axonemal_intermediate_chain_4_isoform_X1
G.gallus_WDR78_dynein_axonemal_intermediate_chain_4
C.carcharias_dnai4_dynein_intermediate_chain_4_axonemal_isoform_X
D.rerio_wdr78_dynein_axonemal_intermediate_chain_4
D.rerio_wdr78_dynein_axonemal_intermediate_chain_4
G.aculeatus_dnai4_dynein_intermediate_chain_4_axonemal_isoform_X1
X.laevis_dnai1.L_dynein_axonemal_intermediate_chain_1_L_homeolog_
F.catus_DNAI1_dynein_axonemal_intermediate_chain_1_isoform_X1
E.caballus_DNAI1_dynein_intermediate_chain_1_axonemal_isoform_X3
G.gallus_DNAI1_dynein_axonemal_intermediate_chain_1_isoform_X1
H.sapiens_DNAI1_dynein_axonemal_intermediate_chain_1_isoform_2
S.salar_dnai1.2_dynein_axonemal_intermediate_chain_1_paralog_2
C.carcharias_dnai1.2_dynein_axonemal_intermediate_chain_1_paralog
C.mydas_DNAI1_dynein_axonemal_intermediate_chain_1_partial
G.aculeatus_dnai1.2_dynein_axonemal_intermediate_chain_1_paralog_
D.rerio_dnai1.2_dynein_axonemal_intermediate_chain_1_paralog_2
